<?xml version="1.0" encoding="UTF-8"?>
<!-- Generated by org.testng.reporters.JUnitXMLReporter -->
<testsuite ignored="1" hostname="ATMECSINLT-004" failures="0" tests="1" name="Default test" time="4.798" errors="0" timestamp="2021-10-12T15:08:44 IST">
  <testcase classname="com.automationpractice.testscripts.TC01_Login_Logout" name="login_Logout_Validation" time="4.74"/>
  <testcase classname="com.automationpractice.testscripts.TC01_Login_Logout" name="validate_Header_Links" time="0.0">
    <ignored/>
  </testcase> <!-- validate_Header_Links -->
</testsuite> <!-- Default test -->
