<?xml version="1.0" encoding="UTF-8"?>
<!-- Generated by org.testng.reporters.JUnitXMLReporter -->
<testsuite ignored="2" hostname="ATMECSINLT-004" failures="0" tests="5" name="Test" time="74.456" errors="0" timestamp="2021-10-26T19:38:19 IST">
  <testcase classname="com.automationpractice.testscripts.TS01_LoginValidation" name="tc01_signup_validation" time="3.171"/>
  <testcase classname="com.automationpractice.testscripts.TS01_LoginValidation" name="tc02_login_Logout_Validation" time="5.068"/>
  <testcase classname="com.automationpractice.testscripts.TS01_LoginValidation" name="tc02_login_Logout_Validation" time="4.578"/>
  <testcase classname="com.automationpractice.testscripts.TS02_HomePageValidation" name="tc03_validate_Header_Links" time="0.505"/>
  <testcase classname="com.automationpractice.testscripts.TS02_HomePageValidation" name="tc04_validate_homepage_products" time="4.273"/>
  <testcase classname="com.automationpractice.testbase.TestBase" name="@AfterSuite closeBrowser" time="0.0">
    <ignored/>
  </testcase> <!-- @AfterSuite closeBrowser -->
  <testcase classname="com.automationpractice.testbase.TestBase" name="@BeforeSuite preSetup" time="0.0">
    <ignored/>
  </testcase> <!-- @BeforeSuite preSetup -->
</testsuite> <!-- Test -->
