<?xml version="1.0" encoding="UTF-8"?>
<!-- Generated by org.testng.reporters.JUnitXMLReporter -->
<testsuite ignored="0" hostname="ATMECSINLT-004" failures="1" tests="4" name="Test" time="45.716" errors="0" timestamp="2021-10-14T19:03:41 IST">
  <testcase classname="com.automationpractice.testscripts.TC01_Login_Logout" name="login_Logout_Validation" time="7.081"/>
  <testcase classname="com.automationpractice.testscripts.TC01_Login_Logout" name="validate_Header_Links" time="0.008">
    <skipped/>
  </testcase> <!-- validate_Header_Links -->
  <testcase classname="com.automationpractice.testscripts.TC01_Login_Logout" name="validate_Header_Links" time="0.004">
    <skipped/>
  </testcase> <!-- validate_Header_Links -->
  <testcase classname="com.automationpractice.testscripts.TC01_Login_Logout" name="validate_Header_Links" time="0.005">
    <failure type="java.lang.AssertionError" message="expected [true] but found [false]">
      <![CDATA[java.lang.AssertionError: expected [true] but found [false]
at com.automationpractice.testscripts.TC01_Login_Logout.validate_Header_Links(TC01_Login_Logout.java:24)
at java.base/java.util.ArrayList.forEach(ArrayList.java:1511)
... Removed 31 stack frames]]>
    </failure>
  </testcase> <!-- validate_Header_Links -->
</testsuite> <!-- Test -->
