<?xml version="1.0" encoding="UTF-8"?>
<testng-results ignored="0" total="1" passed="1" failed="0" skipped="0">
  <reporter-output>
  </reporter-output>
  <suite started-at="2021-10-21T20:15:29 IST" name="Default suite" finished-at="2021-10-21T20:15:43 IST" duration-ms="13561">
    <groups>
    </groups>
    <test started-at="2021-10-21T20:15:29 IST" name="Default test" finished-at="2021-10-21T20:15:43 IST" duration-ms="13561">
      <class name="com.automationpractice.testscripts.TS02_HomePageValidation">
        <test-method is-config="true" signature="preSetup()[pri:0, instance:com.automationpractice.testscripts.TS02_HomePageValidation@7b2bbc3]" started-at="2021-10-21T20:15:29 IST" name="preSetup" finished-at="2021-10-21T20:15:29 IST" duration-ms="174" status="PASS">
          <reporter-output>
          </reporter-output>
        </test-method> <!-- preSetup -->
        <test-method is-config="true" signature="driverSetup()[pri:0, instance:com.automationpractice.testscripts.TS02_HomePageValidation@7b2bbc3]" started-at="2021-10-21T20:15:29 IST" name="driverSetup" finished-at="2021-10-21T20:15:39 IST" duration-ms="9887" status="PASS">
          <reporter-output>
          </reporter-output>
        </test-method> <!-- driverSetup -->
        <test-method signature="tc03_validate_homepage_products()[pri:0, instance:com.automationpractice.testscripts.TS02_HomePageValidation@7b2bbc3]" started-at="2021-10-21T20:15:39 IST" name="tc03_validate_homepage_products" finished-at="2021-10-21T20:15:42 IST" duration-ms="3393" status="PASS">
          <reporter-output>
          </reporter-output>
        </test-method> <!-- tc03_validate_homepage_products -->
        <test-method is-config="true" signature="tearDown()[pri:0, instance:com.automationpractice.testscripts.TS02_HomePageValidation@7b2bbc3]" started-at="2021-10-21T20:15:42 IST" name="tearDown" finished-at="2021-10-21T20:15:43 IST" duration-ms="206" status="PASS">
          <reporter-output>
          </reporter-output>
        </test-method> <!-- tearDown -->
        <test-method is-config="true" signature="closeBrowser()[pri:0, instance:com.automationpractice.testscripts.TS02_HomePageValidation@7b2bbc3]" started-at="2021-10-21T20:15:43 IST" name="closeBrowser" finished-at="2021-10-21T20:15:44 IST" duration-ms="907" status="PASS">
          <reporter-output>
          </reporter-output>
        </test-method> <!-- closeBrowser -->
      </class> <!-- com.automationpractice.testscripts.TS02_HomePageValidation -->
    </test> <!-- Default test -->
  </suite> <!-- Default suite -->
</testng-results>
